Using pre-set license
Built from '2020.3/china_unity/release' branch; Version is '2020.3.12f1c1 (5887f62ce680) revision 5801974'; Using compiler version '192528614'; Build Type 'Release'
OS: 'Windows 10 Education; OS build 19042.746; Version 2009; 64bit' Language: 'zh' Physical Memory: 32705 MB
BatchMode: 1, IsHumanControllingUs: 0, StartBugReporterOnCrash: 0, Is64bit: 1, IsPro: 0

 COMMAND LINE ARGUMENTS:
D:\Application\Unity Editor\2020.3.12f1c1\Editor\Unity.exe
-adb2
-batchMode
-noUpm
-name
AssetImportWorker0
-projectPath
E:/WorkSpace2/UnityStandaloneFileBrowser
-logFile
Logs/AssetImportWorker0.log
-srvPort
53133
Successfully changed project path to: E:/WorkSpace2/UnityStandaloneFileBrowser
E:/WorkSpace2/UnityStandaloneFileBrowser
Using Asset Import Pipeline V2.
Refreshing native plugins compatible for Editor in 24.27 ms, found 2 plugins.
Preloading 0 native plugins for Editor in 0.00 ms.
Initialize engine version: 2020.3.12f1c1 (5887f62ce680)
[Subsystems] Discovering subsystems at path D:/Application/Unity Editor/2020.3.12f1c1/Editor/Data/Resources/UnitySubsystems
[Subsystems] Discovering subsystems at path E:/WorkSpace2/UnityStandaloneFileBrowser/Assets
GfxDevice: creating device client; threaded=0
Direct3D:
    Version:  Direct3D 11.0 [level 11.1]
    Renderer: NVIDIA GeForce GTX 1080 (ID=0x1b80)
    Vendor:   
    VRAM:     8079 MB
    Driver:   23.21.13.9135
Initialize mono
Mono path[0] = 'D:/Application/Unity Editor/2020.3.12f1c1/Editor/Data/Managed'
Mono path[1] = 'D:/Application/Unity Editor/2020.3.12f1c1/Editor/Data/MonoBleedingEdge/lib/mono/unityjit'
Mono config path = 'D:/Application/Unity Editor/2020.3.12f1c1/Editor/Data/MonoBleedingEdge/etc'
Using monoOptions --debugger-agent=transport=dt_socket,embedding=1,server=y,suspend=n,address=127.0.0.1:56404
Begin MonoManager ReloadAssembly
Registering precompiled unity dll's ...
Register platform support module: D:/Application/Unity Editor/2020.3.12f1c1/Editor/Data/PlaybackEngines/WebGLSupport/UnityEditor.WebGL.Extensions.dll
Register platform support module: D:/Application/Unity Editor/2020.3.12f1c1/Editor/Data/PlaybackEngines/WindowsStandaloneSupport/UnityEditor.WindowsStandalone.Extensions.dll
Register platform support module: D:/Application/Unity Editor/2020.3.12f1c1/Editor/Data/PlaybackEngines/LinuxStandaloneSupport/UnityEditor.LinuxStandalone.Extensions.dll
Registered in 0.000977 seconds.
Native extension for LinuxStandalone target not found
Native extension for WindowsStandalone target not found
Native extension for WebGL target not found
Refreshing native plugins compatible for Editor in 26.12 ms, found 2 plugins.
Preloading 0 native plugins for Editor in 0.00 ms.
Mono: successfully reloaded assembly
- Completed reload, in  1.429 seconds
Platform modules already initialized, skipping
Registering precompiled user dll's ...
Registered in 0.002006 seconds.
Begin MonoManager ReloadAssembly
Native extension for LinuxStandalone target not found
Native extension for WindowsStandalone target not found
Native extension for WebGL target not found
Refreshing native plugins compatible for Editor in 0.36 ms, found 2 plugins.
Preloading 0 native plugins for Editor in 0.00 ms.
Mono: successfully reloaded assembly
- Completed reload, in  0.931 seconds
Platform modules already initialized, skipping
========================================================================
Worker process is ready to serve import requests
Launched and connected shader compiler UnityShaderCompiler.exe after 0.03 seconds
Refreshing native plugins compatible for Editor in 0.28 ms, found 2 plugins.
Preloading 0 native plugins for Editor in 0.00 ms.
Unloading 1384 Unused Serialized files (Serialized files now loaded: 0)
System memory in use before: 65.5 MB.
System memory in use after: 65.6 MB.

Unloading 27 unused Assets to reduce memory usage. Loaded Objects now: 1815.
Total: 1.974000 ms (FindLiveObjects: 0.125100 ms CreateObjectMapping: 0.034200 ms MarkObjects: 1.734800 ms  DeleteObjects: 0.079000 ms)

AssetImportParameters requested are different than current active one (requested -> active):
  custom:framework-win-MediaFoundation: 216162199b28c13a410421893ffa2e32 -> 
  custom:video-decoder-ogg-theora: a1e56fd34408186e4bbccfd4996cb3dc -> 
  custom:container-muxer-webm: aa71ff27fc2769a1b78a27578f13a17b -> 
  custom:container-demuxer-webm: 4f35f7cbe854078d1ac9338744f61a02 -> 
  custom:container-demuxer-ogg: 62fdf1f143b41e24485cea50d1cbac27 -> 
  custom:video-encoder-webm-vp8: eb34c28f22e8b96e1ab97ce403110664 -> 
  custom:video-decoder-webm-vp8: 9c59270c3fd7afecdb556c50c9e8de78 -> 
  custom:audio-decoder-ogg-vorbis: bf7c407c2cedff20999df2af8eb42d56 -> 
  custom:audio-encoder-webm-vorbis: bf7c407c2cedff20999df2af8eb42d56 -> 
========================================================================
Received Import Request.
  path: Assets/StandaloneFileBrowser/Plugins/System.Windows.Forms.dll
  artifactKey: Guid(7d459a96865cc4aaab657012c6dc4833) Importer(815301076,1909f56bfc062723c751e8b465ee728b)
Start importing Assets/StandaloneFileBrowser/Plugins/System.Windows.Forms.dll using Guid(7d459a96865cc4aaab657012c6dc4833) Importer(815301076,1909f56bfc062723c751e8b465ee728b)  -> (artifact id: '898c2806ae0fd8246167832407aafc84') in 0.014767 seconds 
  Import took 0.016555 seconds .

========================================================================
Received Import Request.
  Time since last request: 0.097703 seconds.
  path: Assets/StandaloneFileBrowser/Plugins/StandaloneFileBrowser.jslib
  artifactKey: Guid(265aaf20a6d564e0fb00a9c4a7a9c300) Importer(815301076,1909f56bfc062723c751e8b465ee728b)
Start importing Assets/StandaloneFileBrowser/Plugins/StandaloneFileBrowser.jslib using Guid(265aaf20a6d564e0fb00a9c4a7a9c300) Importer(815301076,1909f56bfc062723c751e8b465ee728b)  -> (artifact id: '1442bbb71ea114df0bcc3708d979527e') in 0.011235 seconds 
  Import took 0.013097 seconds .

========================================================================
Received Import Request.
  Time since last request: 25.890919 seconds.
  path: Assets/StandaloneFileBrowser/Plugins/Ookii.Dialogs.dll
  artifactKey: Guid(e60958662eed5413d86143a0a69b731e) Importer(815301076,1909f56bfc062723c751e8b465ee728b)
Start importing Assets/StandaloneFileBrowser/Plugins/Ookii.Dialogs.dll using Guid(e60958662eed5413d86143a0a69b731e) Importer(815301076,1909f56bfc062723c751e8b465ee728b)  -> (artifact id: 'cee0c77c488ba8c9c474271ea9f09760') in 0.001308 seconds 
  Import took 0.003298 seconds .

========================================================================
Received Import Request.
  Time since last request: 0.001794 seconds.
  path: Assets/StandaloneFileBrowser/Plugins/Ookii.Dialogs.dll
  artifactKey: Guid(e60958662eed5413d86143a0a69b731e) Importer(815301076,1909f56bfc062723c751e8b465ee728b)
Start importing Assets/StandaloneFileBrowser/Plugins/Ookii.Dialogs.dll using Guid(e60958662eed5413d86143a0a69b731e) Importer(815301076,1909f56bfc062723c751e8b465ee728b)  -> (artifact id: 'cee0c77c488ba8c9c474271ea9f09760') in 0.001176 seconds 
  Import took 0.002966 seconds .

========================================================================
Received Prepare
Registering precompiled user dll's ...
Registered in 0.001907 seconds.
Begin MonoManager ReloadAssembly
Native extension for LinuxStandalone target not found
Native extension for WindowsStandalone target not found
Native extension for WebGL target not found
Refreshing native plugins compatible for Editor in 0.30 ms, found 2 plugins.
Preloading 0 native plugins for Editor in 0.00 ms.
Mono: successfully reloaded assembly
- Completed reload, in  0.902 seconds
Platform modules already initialized, skipping
Refreshing native plugins compatible for Editor in 0.29 ms, found 2 plugins.
Preloading 0 native plugins for Editor in 0.00 ms.
Unloading 1387 Unused Serialized files (Serialized files now loaded: 0)
System memory in use before: 65.7 MB.
System memory in use after: 65.8 MB.

Unloading 18 unused Assets to reduce memory usage. Loaded Objects now: 1826.
Total: 1.904600 ms (FindLiveObjects: 0.124300 ms CreateObjectMapping: 0.033200 ms MarkObjects: 1.730000 ms  DeleteObjects: 0.016300 ms)

AssetImportParameters requested are different than current active one (requested -> active):
  custom:framework-win-MediaFoundation: 216162199b28c13a410421893ffa2e32 -> 
  custom:video-decoder-ogg-theora: a1e56fd34408186e4bbccfd4996cb3dc -> 
  custom:container-muxer-webm: aa71ff27fc2769a1b78a27578f13a17b -> 
  custom:container-demuxer-webm: 4f35f7cbe854078d1ac9338744f61a02 -> 
  custom:container-demuxer-ogg: 62fdf1f143b41e24485cea50d1cbac27 -> 
  custom:video-encoder-webm-vp8: eb34c28f22e8b96e1ab97ce403110664 -> 
  custom:video-decoder-webm-vp8: 9c59270c3fd7afecdb556c50c9e8de78 -> 
  custom:audio-decoder-ogg-vorbis: bf7c407c2cedff20999df2af8eb42d56 -> 
  custom:audio-encoder-webm-vorbis: bf7c407c2cedff20999df2af8eb42d56 -> 
========================================================================
Received Import Request.
  Time since last request: 108.155185 seconds.
  path: Assets/StandaloneFileBrowser/Plugins/Linux/x86_64/libStandaloneFileBrowser.so
  artifactKey: Guid(b8c465928f1784a3fac8dc3766f7201c) Importer(815301076,1909f56bfc062723c751e8b465ee728b)
Start importing Assets/StandaloneFileBrowser/Plugins/Linux/x86_64/libStandaloneFileBrowser.so using Guid(b8c465928f1784a3fac8dc3766f7201c) Importer(815301076,1909f56bfc062723c751e8b465ee728b)  -> (artifact id: '182c771b514cfa6c65529a81f87c7fb7') in 0.010441 seconds 
  Import took 0.012370 seconds .

========================================================================
Received Import Request.
  Time since last request: 8.675532 seconds.
  path: Assets/StandaloneFileBrowser/Sample/BasicSampleScene.unity
  artifactKey: Guid(d97280fe82b874466870f709c3315d41) Importer(815301076,1909f56bfc062723c751e8b465ee728b)
Start importing Assets/StandaloneFileBrowser/Sample/BasicSampleScene.unity using Guid(d97280fe82b874466870f709c3315d41) Importer(815301076,1909f56bfc062723c751e8b465ee728b)  -> (artifact id: '838e87bec2711ca2d2bd28f28167d339') in 0.001587 seconds 
  Import took 0.003703 seconds .

========================================================================
Received Prepare
Registering precompiled user dll's ...
Registered in 0.002261 seconds.
Begin MonoManager ReloadAssembly
Native extension for LinuxStandalone target not found
Native extension for WindowsStandalone target not found
Native extension for WebGL target not found
Refreshing native plugins compatible for Editor in 0.39 ms, found 2 plugins.
Preloading 0 native plugins for Editor in 0.00 ms.
Mono: successfully reloaded assembly
- Completed reload, in  1.070 seconds
Platform modules already initialized, skipping
Refreshing native plugins compatible for Editor in 0.31 ms, found 2 plugins.
Preloading 0 native plugins for Editor in 0.00 ms.
Unloading 1387 Unused Serialized files (Serialized files now loaded: 0)
System memory in use before: 65.8 MB.
System memory in use after: 65.9 MB.

Unloading 18 unused Assets to reduce memory usage. Loaded Objects now: 1829.
Total: 1.911600 ms (FindLiveObjects: 0.138500 ms CreateObjectMapping: 0.039300 ms MarkObjects: 1.702700 ms  DeleteObjects: 0.029600 ms)

AssetImportParameters requested are different than current active one (requested -> active):
  custom:framework-win-MediaFoundation: 216162199b28c13a410421893ffa2e32 -> 
  custom:video-decoder-ogg-theora: a1e56fd34408186e4bbccfd4996cb3dc -> 
  custom:container-muxer-webm: aa71ff27fc2769a1b78a27578f13a17b -> 
  custom:container-demuxer-webm: 4f35f7cbe854078d1ac9338744f61a02 -> 
  custom:container-demuxer-ogg: 62fdf1f143b41e24485cea50d1cbac27 -> 
  custom:video-encoder-webm-vp8: eb34c28f22e8b96e1ab97ce403110664 -> 
  custom:video-decoder-webm-vp8: 9c59270c3fd7afecdb556c50c9e8de78 -> 
  custom:audio-decoder-ogg-vorbis: bf7c407c2cedff20999df2af8eb42d56 -> 
  custom:audio-encoder-webm-vorbis: bf7c407c2cedff20999df2af8eb42d56 -> 
========================================================================
Received Import Request.
  Time since last request: 159.751657 seconds.
  path: Assets/StandaloneFileBrowser/Sample/CanvasSampleScene.unity
  artifactKey: Guid(c0e4eec5741834194a946535d535405c) Importer(815301076,1909f56bfc062723c751e8b465ee728b)
Start importing Assets/StandaloneFileBrowser/Sample/CanvasSampleScene.unity using Guid(c0e4eec5741834194a946535d535405c) Importer(815301076,1909f56bfc062723c751e8b465ee728b)  -> (artifact id: '8a9a5956b065609ba88271678fee8803') in 0.010166 seconds 
  Import took 0.012459 seconds .

========================================================================
Received Prepare
Registering precompiled user dll's ...
Registered in 0.001992 seconds.
Begin MonoManager ReloadAssembly
Native extension for LinuxStandalone target not found
Native extension for WindowsStandalone target not found
Native extension for WebGL target not found
Refreshing native plugins compatible for Editor in 0.32 ms, found 2 plugins.
Preloading 0 native plugins for Editor in 0.00 ms.
Mono: successfully reloaded assembly
- Completed reload, in  1.077 seconds
Platform modules already initialized, skipping
Refreshing native plugins compatible for Editor in 0.29 ms, found 2 plugins.
Preloading 0 native plugins for Editor in 0.00 ms.
Unloading 1387 Unused Serialized files (Serialized files now loaded: 0)
System memory in use before: 65.8 MB.
System memory in use after: 65.9 MB.

Unloading 18 unused Assets to reduce memory usage. Loaded Objects now: 1832.
Total: 1.665600 ms (FindLiveObjects: 0.134700 ms CreateObjectMapping: 0.039100 ms MarkObjects: 1.477800 ms  DeleteObjects: 0.013100 ms)

AssetImportParameters requested are different than current active one (requested -> active):
  custom:framework-win-MediaFoundation: 216162199b28c13a410421893ffa2e32 -> 
  custom:video-decoder-ogg-theora: a1e56fd34408186e4bbccfd4996cb3dc -> 
  custom:container-muxer-webm: aa71ff27fc2769a1b78a27578f13a17b -> 
  custom:container-demuxer-webm: 4f35f7cbe854078d1ac9338744f61a02 -> 
  custom:container-demuxer-ogg: 62fdf1f143b41e24485cea50d1cbac27 -> 
  custom:video-encoder-webm-vp8: eb34c28f22e8b96e1ab97ce403110664 -> 
  custom:video-decoder-webm-vp8: 9c59270c3fd7afecdb556c50c9e8de78 -> 
  custom:audio-decoder-ogg-vorbis: bf7c407c2cedff20999df2af8eb42d56 -> 
  custom:audio-encoder-webm-vorbis: bf7c407c2cedff20999df2af8eb42d56 -> 
========================================================================
Received Prepare
Registering precompiled user dll's ...
Registered in 0.002131 seconds.
Begin MonoManager ReloadAssembly
Native extension for LinuxStandalone target not found
Native extension for WindowsStandalone target not found
Native extension for WebGL target not found
Refreshing native plugins compatible for Editor in 0.31 ms, found 2 plugins.
Preloading 0 native plugins for Editor in 0.00 ms.
Mono: successfully reloaded assembly
- Completed reload, in  1.093 seconds
Platform modules already initialized, skipping
Refreshing native plugins compatible for Editor in 0.37 ms, found 2 plugins.
Preloading 0 native plugins for Editor in 0.00 ms.
Unloading 1387 Unused Serialized files (Serialized files now loaded: 0)
System memory in use before: 65.8 MB.
System memory in use after: 65.9 MB.

Unloading 18 unused Assets to reduce memory usage. Loaded Objects now: 1835.
Total: 1.949300 ms (FindLiveObjects: 0.126400 ms CreateObjectMapping: 0.037600 ms MarkObjects: 1.767300 ms  DeleteObjects: 0.016800 ms)

AssetImportParameters requested are different than current active one (requested -> active):
  custom:framework-win-MediaFoundation: 216162199b28c13a410421893ffa2e32 -> 
  custom:video-decoder-ogg-theora: a1e56fd34408186e4bbccfd4996cb3dc -> 
  custom:container-muxer-webm: aa71ff27fc2769a1b78a27578f13a17b -> 
  custom:container-demuxer-webm: 4f35f7cbe854078d1ac9338744f61a02 -> 
  custom:container-demuxer-ogg: 62fdf1f143b41e24485cea50d1cbac27 -> 
  custom:video-encoder-webm-vp8: eb34c28f22e8b96e1ab97ce403110664 -> 
  custom:video-decoder-webm-vp8: 9c59270c3fd7afecdb556c50c9e8de78 -> 
  custom:audio-decoder-ogg-vorbis: bf7c407c2cedff20999df2af8eb42d56 -> 
  custom:audio-encoder-webm-vorbis: bf7c407c2cedff20999df2af8eb42d56 -> 
========================================================================
Received Import Request.
  Time since last request: 125.446979 seconds.
  path: Assets/StandaloneFileBrowser/StandaloneFileBrowserWindows.cs
  artifactKey: Guid(194e247414a78461d83ae606c1b96917) Importer(815301076,1909f56bfc062723c751e8b465ee728b)
Start importing Assets/StandaloneFileBrowser/StandaloneFileBrowserWindows.cs using Guid(194e247414a78461d83ae606c1b96917) Importer(815301076,1909f56bfc062723c751e8b465ee728b)  -> (artifact id: '009ef5ba990a418250607eafc03c062d') in 0.006548 seconds 
  Import took 0.008603 seconds .

========================================================================
Received Import Request.
  Time since last request: 0.028710 seconds.
  path: Assets/StandaloneFileBrowser/StandaloneFileBrowserWindows.cs
  artifactKey: Guid(194e247414a78461d83ae606c1b96917) Importer(815301076,1909f56bfc062723c751e8b465ee728b)
Start importing Assets/StandaloneFileBrowser/StandaloneFileBrowserWindows.cs using Guid(194e247414a78461d83ae606c1b96917) Importer(815301076,1909f56bfc062723c751e8b465ee728b)  -> (artifact id: '009ef5ba990a418250607eafc03c062d') in 0.001284 seconds 
  Import took 0.003184 seconds .

========================================================================
Received Import Request.
  Time since last request: 0.834537 seconds.
  path: Assets/StandaloneFileBrowser/StandaloneFileBrowserMac.cs
  artifactKey: Guid(bcb49ddb0ed5644fda9c3b055cafa27a) Importer(815301076,1909f56bfc062723c751e8b465ee728b)
Start importing Assets/StandaloneFileBrowser/StandaloneFileBrowserMac.cs using Guid(bcb49ddb0ed5644fda9c3b055cafa27a) Importer(815301076,1909f56bfc062723c751e8b465ee728b)  -> (artifact id: '5ffe80198c373997b45c27cce6223951') in 0.001643 seconds 
  Import took 0.003637 seconds .

========================================================================
Received Import Request.
  Time since last request: 0.002442 seconds.
  path: Assets/StandaloneFileBrowser/StandaloneFileBrowserMac.cs
  artifactKey: Guid(bcb49ddb0ed5644fda9c3b055cafa27a) Importer(815301076,1909f56bfc062723c751e8b465ee728b)
Start importing Assets/StandaloneFileBrowser/StandaloneFileBrowserMac.cs using Guid(bcb49ddb0ed5644fda9c3b055cafa27a) Importer(815301076,1909f56bfc062723c751e8b465ee728b)  -> (artifact id: '5ffe80198c373997b45c27cce6223951') in 0.001366 seconds 
  Import took 0.003722 seconds .

========================================================================
Received Prepare
Registering precompiled user dll's ...
Registered in 0.002078 seconds.
Begin MonoManager ReloadAssembly
Native extension for LinuxStandalone target not found
Native extension for WindowsStandalone target not found
Native extension for WebGL target not found
Refreshing native plugins compatible for Editor in 0.47 ms, found 2 plugins.
Preloading 0 native plugins for Editor in 0.00 ms.
Mono: successfully reloaded assembly
- Completed reload, in  1.041 seconds
Platform modules already initialized, skipping
Refreshing native plugins compatible for Editor in 0.30 ms, found 2 plugins.
Preloading 0 native plugins for Editor in 0.00 ms.
Unloading 1387 Unused Serialized files (Serialized files now loaded: 0)
System memory in use before: 65.8 MB.
System memory in use after: 65.9 MB.

Unloading 18 unused Assets to reduce memory usage. Loaded Objects now: 1838.
Total: 1.804800 ms (FindLiveObjects: 0.130700 ms CreateObjectMapping: 0.039800 ms MarkObjects: 1.598700 ms  DeleteObjects: 0.034500 ms)

AssetImportParameters requested are different than current active one (requested -> active):
  custom:framework-win-MediaFoundation: 216162199b28c13a410421893ffa2e32 -> 
  custom:video-decoder-ogg-theora: a1e56fd34408186e4bbccfd4996cb3dc -> 
  custom:container-muxer-webm: aa71ff27fc2769a1b78a27578f13a17b -> 
  custom:container-demuxer-webm: 4f35f7cbe854078d1ac9338744f61a02 -> 
  custom:container-demuxer-ogg: 62fdf1f143b41e24485cea50d1cbac27 -> 
  custom:video-encoder-webm-vp8: eb34c28f22e8b96e1ab97ce403110664 -> 
  custom:video-decoder-webm-vp8: 9c59270c3fd7afecdb556c50c9e8de78 -> 
  custom:audio-decoder-ogg-vorbis: bf7c407c2cedff20999df2af8eb42d56 -> 
  custom:audio-encoder-webm-vorbis: bf7c407c2cedff20999df2af8eb42d56 -> 
========================================================================
Received Import Request.
  Time since last request: 53.034633 seconds.
  path: Assets/StandaloneFileBrowser/Sample/BasicSample.cs
  artifactKey: Guid(5148400295519405d82bb0fa65246ea2) Importer(815301076,1909f56bfc062723c751e8b465ee728b)
Start importing Assets/StandaloneFileBrowser/Sample/BasicSample.cs using Guid(5148400295519405d82bb0fa65246ea2) Importer(815301076,1909f56bfc062723c751e8b465ee728b)  -> (artifact id: '1deacea75759ce58db4648312f3d767d') in 0.003211 seconds 
  Import took 0.005126 seconds .

========================================================================
Received Import Request.
  Time since last request: 0.001533 seconds.
  path: Assets/StandaloneFileBrowser/Sample/BasicSample.cs
  artifactKey: Guid(5148400295519405d82bb0fa65246ea2) Importer(815301076,1909f56bfc062723c751e8b465ee728b)
Start importing Assets/StandaloneFileBrowser/Sample/BasicSample.cs using Guid(5148400295519405d82bb0fa65246ea2) Importer(815301076,1909f56bfc062723c751e8b465ee728b)  -> (artifact id: '1deacea75759ce58db4648312f3d767d') in 0.001338 seconds 
  Import took 0.003145 seconds .

========================================================================
Received Import Request.
  Time since last request: 155.988194 seconds.
  path: Assets/StandaloneFileBrowser/StandaloneFileBrowser.cs
  artifactKey: Guid(3c708be74128e4ced9b79eaaf80e8443) Importer(815301076,1909f56bfc062723c751e8b465ee728b)
Start importing Assets/StandaloneFileBrowser/StandaloneFileBrowser.cs using Guid(3c708be74128e4ced9b79eaaf80e8443) Importer(815301076,1909f56bfc062723c751e8b465ee728b)  -> (artifact id: '1697ee6fa4b8ce4ac60d2828cb896dc4') in 0.001223 seconds 
  Import took 0.003115 seconds .

========================================================================
Received Import Request.
  Time since last request: 0.001256 seconds.
  path: Assets/StandaloneFileBrowser/StandaloneFileBrowser.cs
  artifactKey: Guid(3c708be74128e4ced9b79eaaf80e8443) Importer(815301076,1909f56bfc062723c751e8b465ee728b)
Start importing Assets/StandaloneFileBrowser/StandaloneFileBrowser.cs using Guid(3c708be74128e4ced9b79eaaf80e8443) Importer(815301076,1909f56bfc062723c751e8b465ee728b)  -> (artifact id: '1697ee6fa4b8ce4ac60d2828cb896dc4') in 0.001227 seconds 
  Import took 0.002970 seconds .

========================================================================
Received Import Request.
  Time since last request: 24.356866 seconds.
  path: Assets/StandaloneFileBrowser/IStandaloneFileBrowser.cs
  artifactKey: Guid(7609f7b6787a54496aa41a3053fcc76a) Importer(815301076,1909f56bfc062723c751e8b465ee728b)
Start importing Assets/StandaloneFileBrowser/IStandaloneFileBrowser.cs using Guid(7609f7b6787a54496aa41a3053fcc76a) Importer(815301076,1909f56bfc062723c751e8b465ee728b)  -> (artifact id: '2a9776f8e88d7caf9f41a1b3db8ea528') in 0.001860 seconds 
  Import took 0.004189 seconds .

========================================================================
Received Import Request.
  Time since last request: 0.000752 seconds.
  path: Assets/StandaloneFileBrowser/IStandaloneFileBrowser.cs
  artifactKey: Guid(7609f7b6787a54496aa41a3053fcc76a) Importer(815301076,1909f56bfc062723c751e8b465ee728b)
Start importing Assets/StandaloneFileBrowser/IStandaloneFileBrowser.cs using Guid(7609f7b6787a54496aa41a3053fcc76a) Importer(815301076,1909f56bfc062723c751e8b465ee728b)  -> (artifact id: '2a9776f8e88d7caf9f41a1b3db8ea528') in 0.001671 seconds 
  Import took 0.003883 seconds .

AssetImportWorkerClient::OnTransportError - code=2 error=End of file
